Build started 22/02/2018 03:15:55.
     1>Project "C:\Users\Edwin\Desktop\ChessProject\ChessProject.vcxproj" on node 2 (Rebuild target(s)).
     1>ClCompile:
         C:\Program Files (x86)\Microsoft Visual Studio 14.0\VC\bin\CL.exe /c /ZI /nologo /W3 /WX- /sdl /Od /Oy- /D WIN32 /D _DEBUG /D _CONSOLE /D _UNICODE /D UNICODE /Gm /EHsc /RTC1 /MDd /GS /fp:precise /Zc:wchar_t /Zc:forScope /Zc:inline /Fo"Debug\\" /Fd"Debug\vc140.pdb" /Gd /TP /analyze- /errorReport:prompt Board.cpp Main.cpp Piece.cpp
         Piece.cpp
     1>c:\users\edwin\desktop\chessproject\piece.cpp(2): warning C4067: unexpected tokens following preprocessor directive - expected a newline
         Main.cpp
     1>c:\users\edwin\desktop\chessproject\main.cpp(2): warning C4067: unexpected tokens following preprocessor directive - expected a newline
     1>c:\users\edwin\desktop\chessproject\main.cpp(3): warning C4067: unexpected tokens following preprocessor directive - expected a newline
     1>c:\users\edwin\desktop\chessproject\main.cpp(5): warning C4067: unexpected tokens following preprocessor directive - expected a newline
     1>c:\users\edwin\desktop\chessproject\board.cpp(2): warning C4067: unexpected tokens following preprocessor directive - expected a newline
     1>c:\users\edwin\desktop\chessproject\piece.cpp(2): warning C4067: unexpected tokens following preprocessor directive - expected a newline
     1>c:\users\edwin\desktop\chessproject\board.cpp(3): warning C4067: unexpected tokens following preprocessor directive - expected a newline
         Board.cpp
     1>c:\users\edwin\desktop\chessproject\board.cpp(2): warning C4067: unexpected tokens following preprocessor directive - expected a newline
     1>c:\users\edwin\desktop\chessproject\piece.cpp(2): warning C4067: unexpected tokens following preprocessor directive - expected a newline
     1>c:\users\edwin\desktop\chessproject\board.cpp(3): warning C4067: unexpected tokens following preprocessor directive - expected a newline
         Generating Code...
       Link:
         C:\Program Files (x86)\Microsoft Visual Studio 14.0\VC\bin\link.exe /ERRORREPORT:PROMPT /OUT:"C:\Users\Edwin\Desktop\ChessProject\Debug\ChessProject.exe" /INCREMENTAL /NOLOGO kernel32.lib user32.lib gdi32.lib winspool.lib comdlg32.lib advapi32.lib shell32.lib ole32.lib oleaut32.lib uuid.lib odbc32.lib odbccp32.lib /MANIFEST /MANIFESTUAC:"level='asInvoker' uiAccess='false'" /manifest:embed /Debug /PDB:"C:\Users\Edwin\Desktop\ChessProject\Debug\ChessProject.pdb" /SUBSYSTEM:CONSOLE /TLBID:1 /DYNAMICBASE /NXCOMPAT /IMPLIB:"C:\Users\Edwin\Desktop\ChessProject\Debug\ChessProject.lib" /MACHINE:X86 Debug\Board.obj
         Debug\Main.obj
         Debug\Piece.obj
         ChessProject.vcxproj -> C:\Users\Edwin\Desktop\ChessProject\Debug\ChessProject.exe
     1>Done Building Project "C:\Users\Edwin\Desktop\ChessProject\ChessProject.vcxproj" (Rebuild target(s)).

Build succeeded.

Time Elapsed 00:00:01.95
